<?xml version="1.0" encoding="UTF-8"?>
<!-- Generated by org.testng.reporters.JUnitReportReporter -->
<testsuite hostname="DESKTOP-TNMV2Q3" failures="0" tests="3" name="scenario2Test.LoginPageTest" time="2.303" errors="0" timestamp="2024-09-01T22:38:52 IST" skipped="0">
  <testcase classname="scenario2Test.LoginPageTest" name="verifyTitle" time="0.020"/>
  <system-out>
    <![CDATA[Title match!]]>
  </system-out>
  <testcase classname="scenario2Test.LoginPageTest" name="verifyLogin" time="2.271"/>
  <system-out/>
  <testcase classname="scenario2Test.LoginPageTest" name="verifyCurrentUrl" time="0.012"/>
  <system-out>
    <![CDATA[Title is: https://opensource-demo.orangehrmlive.com/web/index.php/dashboard/index]]>
  </system-out>
</testsuite> <!-- scenario2Test.LoginPageTest -->
