<?xml version="1.0" encoding="UTF-8"?>
<!-- Generated by org.testng.reporters.JUnitReportReporter -->
<testsuite hostname="DESKTOP-TNMV2Q3" failures="0" tests="1" name="scenario2Test.AdminPageTest" time="1.778" errors="0" timestamp="2024-09-01T21:53:26 IST" skipped="0">
  <testcase classname="scenario2Test.AdminPageTest" name="getAllMenu" time="1.778"/>
  <system-out>
    <![CDATA[allElements are: [[[ChromeDriver: chrome on windows (ccbd15d90fc71ab7f0cee1d775522a40)] -> xpath: //ul[@class='oxd-main-menu']//li//span], [[ChromeDriver: chrome on windows (ccbd15d90fc71ab7f0cee1d775522a40)] -> xpath: //ul[@class='oxd-main-menu']//li//span], [[ChromeDriver: chrome on windows (ccbd15d90fc71ab7f0cee1d775522a40)] -> xpath: //ul[@class='oxd-main-menu']//li//span], [[ChromeDriver: chrome on windows (ccbd15d90fc71ab7f0cee1d775522a40)] -> xpath: //ul[@class='oxd-main-menu']//li//span], [[ChromeDriver: chrome on windows (ccbd15d90fc71ab7f0cee1d775522a40)] -> xpath: //ul[@class='oxd-main-menu']//li//span], [[ChromeDriver: chrome on windows (ccbd15d90fc71ab7f0cee1d775522a40)] -> xpath: //ul[@class='oxd-main-menu']//li//span], [[ChromeDriver: chrome on windows (ccbd15d90fc71ab7f0cee1d775522a40)] -> xpath: //ul[@class='oxd-main-menu']//li//span], [[ChromeDriver: chrome on windows (ccbd15d90fc71ab7f0cee1d775522a40)] -> xpath: //ul[@class='oxd-main-menu']//li//span], [[ChromeDriver: chrome on windows (ccbd15d90fc71ab7f0cee1d775522a40)] -> xpath: //ul[@class='oxd-main-menu']//li//span], [[ChromeDriver: chrome on windows (ccbd15d90fc71ab7f0cee1d775522a40)] -> xpath: //ul[@class='oxd-main-menu']//li//span], [[ChromeDriver: chrome on windows (ccbd15d90fc71ab7f0cee1d775522a40)] -> xpath: //ul[@class='oxd-main-menu']//li//span], [[ChromeDriver: chrome on windows (ccbd15d90fc71ab7f0cee1d775522a40)] -> xpath: //ul[@class='oxd-main-menu']//li//span]]
Total menu options are: 12
Admin
PIM
Leave
Time
Recruitment
My Info
Performance
Dashboard
Directory
Maintenance
Claim
Buzz]]>
  </system-out>
</testsuite> <!-- scenario2Test.AdminPageTest -->
