<?xml version="1.0" encoding="UTF-8"?>
<!-- Generated by org.testng.reporters.JUnitReportReporter -->
<testsuite hostname="DESKTOP-TNMV2Q3" failures="0" tests="3" name="scenario2Test.LoginPageTest" time="2.789" errors="0" timestamp="2024-09-04T23:48:24 IST" skipped="0">
  <testcase classname="scenario2Test.LoginPageTest" name="verifyTitle" time="0.059"/>
  <system-out>
    <![CDATA[Title match!]]>
  </system-out>
  <testcase classname="scenario2Test.LoginPageTest" name="verifyLogin" time="2.704"/>
  <system-out/>
  <testcase classname="scenario2Test.LoginPageTest" name="verifyCurrentUrl" time="0.026"/>
  <system-out>
    <![CDATA[Title is: https://opensource-demo.orangehrmlive.com/web/index.php/dashboard/index]]>
  </system-out>
</testsuite> <!-- scenario2Test.LoginPageTest -->
