<?xml version="1.0" encoding="UTF-8"?>
<!-- Generated by org.testng.reporters.JUnitReportReporter -->
<testsuite hostname="DESKTOP-TNMV2Q3" failures="0" tests="4" name="scenario2Test.AdminPageTest" time="18.512" errors="0" timestamp="2024-09-04T23:45:44 IST" skipped="0">
  <testcase classname="scenario2Test.AdminPageTest" name="getAllMenu" time="2.820"/>
  <system-out>
    <![CDATA[Total menu options are: 12
Admin
PIM
Leave
Time
Recruitment
My Info
Performance
Dashboard
Directory
Maintenance
Claim
Buzz]]>
  </system-out>
  <testcase classname="scenario2Test.AdminPageTest" name="VerifySearchWithUsername" time="7.216"/>
  <system-out>
    <![CDATA[(1) Record Found]]>
  </system-out>
  <testcase classname="scenario2Test.AdminPageTest" name="VerifySearchWithUserRole" time="3.221"/>
  <system-out>
    <![CDATA[Search Employee by UserRole
(1) Record Found]]>
  </system-out>
  <testcase classname="scenario2Test.AdminPageTest" name="VerifySearchWithUserStatus" time="5.255"/>
  <system-out>
    <![CDATA[Search Employee by Status
(6) Records Found]]>
  </system-out>
</testsuite> <!-- scenario2Test.AdminPageTest -->
