<?xml version="1.0" encoding="UTF-8"?>
<!-- Generated by org.testng.reporters.JUnitReportReporter -->
<testsuite hostname="DESKTOP-TNMV2Q3" failures="0" tests="1" name="scenario2Test.AdminPageTest" time="10.027" errors="0" timestamp="2024-09-01T22:37:15 IST" skipped="0">
  <testcase classname="scenario2Test.AdminPageTest" name="getAllMenu" time="10.027"/>
  <system-out>
    <![CDATA[Total menu options are: 0]]>
  </system-out>
</testsuite> <!-- scenario2Test.AdminPageTest -->
