<?xml version="1.0" encoding="UTF-8"?>
<!-- Generated by org.testng.reporters.JUnitReportReporter -->
<testsuite hostname="DESKTOP-TNMV2Q3" failures="0" tests="2" name="scenario1.ReadDataFromExcel" time="0.017" errors="0" timestamp="2024-08-31T23:02:08 IST" skipped="1">
  <testcase classname="scenario1.ReadDataFromExcel" name="ReadAllData" time="0.017"/>
  <system-out/>
  <testcase classname="scenario1.ReadDataFromExcel" name="ReadData">
    <skipped/>
  </testcase> <!-- ReadData -->
  <system-out/>
</testsuite> <!-- scenario1.ReadDataFromExcel -->
