<?xml version="1.0" encoding="UTF-8"?>
<!-- Generated by org.testng.reporters.JUnitReportReporter -->
<testsuite hostname="DESKTOP-TNMV2Q3" failures="0" tests="4" name="scenario2Test.AdminPageTest" time="19.669" errors="0" timestamp="2024-09-01T20:53:13 IST" skipped="0">
  <testcase classname="scenario2Test.AdminPageTest" name="getAllMenu" time="5.686"/>
  <system-out/>
  <testcase classname="scenario2Test.AdminPageTest" name="VerifySearchWithUsername" time="6.358"/>
  <system-out/>
  <testcase classname="scenario2Test.AdminPageTest" name="VerifySerchWithUserRole" time="4.168"/>
  <system-out/>
  <testcase classname="scenario2Test.AdminPageTest" name="VerifySerchWithUserStatus" time="3.457"/>
  <system-out/>
</testsuite> <!-- scenario2Test.AdminPageTest -->
