<?xml version="1.0" encoding="UTF-8"?>
<!-- Generated by org.testng.reporters.JUnitReportReporter -->
<testsuite hostname="DESKTOP-TNMV2Q3" failures="0" tests="1" name="scenario2Test.AdminPageTest" time="1.045" errors="0" timestamp="2024-09-01T22:34:16 IST" skipped="0">
  <testcase classname="scenario2Test.AdminPageTest" name="getAllMenu" time="1.045"/>
  <system-out>
    <![CDATA[Total menu options are: 12
Admin
PIM
Leave
Time
Recruitment
My Info
Performance
Dashboard
Directory
Maintenance
Claim
Buzz]]>
  </system-out>
</testsuite> <!-- scenario2Test.AdminPageTest -->
