<?xml version="1.0" encoding="UTF-8"?>
<!-- Generated by org.testng.reporters.JUnitReportReporter -->
<testsuite hostname="DESKTOP-TNMV2Q3" failures="0" tests="1" name="scenario2Test.LoginPageTest" time="5.249" errors="0" timestamp="2024-09-01T20:46:12 IST" skipped="0">
  <testcase classname="scenario2Test.LoginPageTest" name="verifyLogin" time="5.249"/>
  <system-out/>
</testsuite> <!-- scenario2Test.LoginPageTest -->
